<?xml version="1.0" encoding="UTF-8"?>
<!-- Generated by org.testng.reporters.JUnitReportReporter -->
<testsuite skipped="0" hostname="LAPTOP-VT80RB39" name="Amazon.InheritanceConcept" tests="2" failures="0" timestamp="2020-04-07T15:56:45 IST" time="13.126" errors="0">
  <testcase name="Nav" time="7.395" classname="Amazon.InheritanceConcept"/>
  <system-out/>
  <testcase name="First" time="5.731" classname="Amazon.InheritanceConcept"/>
  <system-out/>
</testsuite> <!-- Amazon.InheritanceConcept -->
