<?xml version="1.0" encoding="UTF-8"?>
<!-- Generated by org.testng.reporters.JUnitReportReporter -->
<testsuite skipped="0" hostname="LAPTOP-VT80RB39" name="Amazon.PropertyClass" tests="1" failures="0" timestamp="2020-04-07T10:29:49 IST" time="0.009" errors="0">
  <testcase name="navigate" time="0.009" classname="Amazon.PropertyClass"/>
  <system-out/>
</testsuite> <!-- Amazon.PropertyClass -->
