<?xml version="1.0" encoding="UTF-8"?>
<!-- Generated by org.testng.reporters.JUnitReportReporter -->
<testsuite skipped="0" hostname="LAPTOP-VT80RB39" name="Test.Page3" tests="1" failures="0" timestamp="2020-04-04T09:33:53 IST" time="0.001" errors="0">
  <testcase name="cart" time="0.001" classname="Test.Page3"/>
  <system-out/>
</testsuite> <!-- Test.Page3 -->
