<?xml version="1.0" encoding="UTF-8"?>
<!-- Generated by org.testng.reporters.JUnitReportReporter -->
<testsuite skipped="0" hostname="LAPTOP-VT80RB39" name="Amazon.GlobalProperyClass" tests="1" failures="0" timestamp="2020-04-07T15:54:00 IST" time="6.703" errors="0">
  <testcase name="Nav" time="6.703" classname="Amazon.GlobalProperyClass"/>
  <system-out/>
</testsuite> <!-- Amazon.GlobalProperyClass -->
