<?xml version="1.0" encoding="UTF-8"?>
<!-- Generated by org.testng.reporters.JUnitReportReporter -->
<testsuite skipped="0" hostname="LAPTOP-VT80RB39" name="Test.Demo" tests="3" failures="0" timestamp="2020-04-04T09:58:29 IST" time="0.001" errors="0">
  <testcase name="Basic" time="0.000" classname="Test.Demo"/>
  <system-out/>
  <testcase name="Basic1" time="0.000" classname="Test.Demo"/>
  <system-out/>
  <testcase name="Basic2" time="0.001" classname="Test.Demo"/>
  <system-out/>
</testsuite> <!-- Test.Demo -->
