<?xml version="1.0" encoding="UTF-8"?>
<!-- Generated by org.testng.reporters.JUnitReportReporter -->
<testsuite skipped="0" hostname="LAPTOP-VT80RB39" name="Test.Page2" tests="2" failures="0" timestamp="2020-04-04T09:58:29 IST" time="0.001" errors="0">
  <testcase name="netbanking" time="0.000" classname="Test.Page2"/>
  <system-out/>
  <testcase name="netbanking2" time="0.001" classname="Test.Page2"/>
  <system-out/>
</testsuite> <!-- Test.Page2 -->
