<?xml version="1.0" encoding="UTF-8"?>
<!-- Generated by org.testng.reporters.JUnitReportReporter -->
<testsuite skipped="0" hostname="LAPTOP-VT80RB39" name="Amazon.Page4" tests="1" failures="0" timestamp="2020-04-04T09:58:29 IST" time="0.009" errors="0">
  <testcase name="cardDetails1" time="0.009" classname="Amazon.Page4"/>
  <system-out/>
</testsuite> <!-- Amazon.Page4 -->
