<?xml version="1.0" encoding="UTF-8"?>
<!-- Generated by org.testng.reporters.JUnitReportReporter -->
<testsuite skipped="0" hostname="LAPTOP-VT80RB39" name="dataprovider.Multiple" tests="3" failures="0" timestamp="2020-04-07T07:18:05 IST" time="0.005" errors="0">
  <testcase name="Login" time="0.000" classname="dataprovider.Multiple"/>
  <system-out/>
  <testcase name="Login" time="0.001" classname="dataprovider.Multiple"/>
  <system-out/>
  <testcase name="Login" time="0.004" classname="dataprovider.Multiple"/>
  <system-out/>
</testsuite> <!-- dataprovider.Multiple -->
